::1 - - [29/Jul/2020:08:33:05 +0000] "GET / HTTP/1.1" 200 - "-" "Mozilla/5.0 (Windows NT 10.0; Win64; x64) AppleWebKit/537.36 (KHTML, like Gecko) Chrome/84.0.4147.89 Safari/537.36"
::1 - - [29/Jul/2020:08:33:05 +0000] "GET /css/main.css HTTP/1.1" 304 - "http://localhost:3500/" "Mozilla/5.0 (Windows NT 10.0; Win64; x64) AppleWebKit/537.36 (KHTML, like Gecko) Chrome/84.0.4147.89 Safari/537.36"
::1 - - [29/Jul/2020:08:33:05 +0000] "GET /css/product.css HTTP/1.1" 304 - "http://localhost:3500/" "Mozilla/5.0 (Windows NT 10.0; Win64; x64) AppleWebKit/537.36 (KHTML, like Gecko) Chrome/84.0.4147.89 Safari/537.36"
::1 - - [29/Jul/2020:08:33:05 +0000] "GET /js/main.js HTTP/1.1" 304 - "http://localhost:3500/" "Mozilla/5.0 (Windows NT 10.0; Win64; x64) AppleWebKit/537.36 (KHTML, like Gecko) Chrome/84.0.4147.89 Safari/537.36"
::1 - - [29/Jul/2020:08:33:05 +0000] "GET /images/1595489337792-beyourself.jpeg HTTP/1.1" 304 - "http://localhost:3500/" "Mozilla/5.0 (Windows NT 10.0; Win64; x64) AppleWebKit/537.36 (KHTML, like Gecko) Chrome/84.0.4147.89 Safari/537.36"
::1 - - [29/Jul/2020:08:33:05 +0000] "GET /images/1595489707094-beyourself.jpeg HTTP/1.1" 304 - "http://localhost:3500/" "Mozilla/5.0 (Windows NT 10.0; Win64; x64) AppleWebKit/537.36 (KHTML, like Gecko) Chrome/84.0.4147.89 Safari/537.36"
::1 - - [29/Jul/2020:09:09:33 +0000] "GET / HTTP/1.1" 200 - "-" "Mozilla/5.0 (Windows NT 10.0; Win64; x64) AppleWebKit/537.36 (KHTML, like Gecko) Chrome/84.0.4147.89 Safari/537.36"
::1 - - [29/Jul/2020:09:09:34 +0000] "GET /css/product.css HTTP/1.1" 200 405 "https://localhost:3500/" "Mozilla/5.0 (Windows NT 10.0; Win64; x64) AppleWebKit/537.36 (KHTML, like Gecko) Chrome/84.0.4147.89 Safari/537.36"
::1 - - [29/Jul/2020:09:09:34 +0000] "GET /css/main.css HTTP/1.1" 200 - "https://localhost:3500/" "Mozilla/5.0 (Windows NT 10.0; Win64; x64) AppleWebKit/537.36 (KHTML, like Gecko) Chrome/84.0.4147.89 Safari/537.36"
::1 - - [29/Jul/2020:09:09:34 +0000] "GET /js/main.js HTTP/1.1" 200 535 "https://localhost:3500/" "Mozilla/5.0 (Windows NT 10.0; Win64; x64) AppleWebKit/537.36 (KHTML, like Gecko) Chrome/84.0.4147.89 Safari/537.36"
::1 - - [29/Jul/2020:09:09:34 +0000] "GET /images/1595489337792-beyourself.jpeg HTTP/1.1" 200 6333 "https://localhost:3500/" "Mozilla/5.0 (Windows NT 10.0; Win64; x64) AppleWebKit/537.36 (KHTML, like Gecko) Chrome/84.0.4147.89 Safari/537.36"
::1 - - [29/Jul/2020:09:09:34 +0000] "GET /images/1595489707094-beyourself.jpeg HTTP/1.1" 200 6333 "https://localhost:3500/" "Mozilla/5.0 (Windows NT 10.0; Win64; x64) AppleWebKit/537.36 (KHTML, like Gecko) Chrome/84.0.4147.89 Safari/537.36"
::1 - - [29/Jul/2020:09:09:35 +0000] "GET /favicon.ico HTTP/1.1" 404 - "https://localhost:3500/" "Mozilla/5.0 (Windows NT 10.0; Win64; x64) AppleWebKit/537.36 (KHTML, like Gecko) Chrome/84.0.4147.89 Safari/537.36"
::1 - - [29/Jul/2020:09:10:14 +0000] "GET /admin/products HTTP/1.1" 200 - "https://localhost:3500/" "Mozilla/5.0 (Windows NT 10.0; Win64; x64) AppleWebKit/537.36 (KHTML, like Gecko) Chrome/84.0.4147.89 Safari/537.36"
::1 - - [29/Jul/2020:09:10:15 +0000] "GET /css/main.css HTTP/1.1" 304 - "https://localhost:3500/admin/products" "Mozilla/5.0 (Windows NT 10.0; Win64; x64) AppleWebKit/537.36 (KHTML, like Gecko) Chrome/84.0.4147.89 Safari/537.36"
::1 - - [29/Jul/2020:09:10:15 +0000] "GET /js/main.js HTTP/1.1" 304 - "https://localhost:3500/admin/products" "Mozilla/5.0 (Windows NT 10.0; Win64; x64) AppleWebKit/537.36 (KHTML, like Gecko) Chrome/84.0.4147.89 Safari/537.36"
::1 - - [29/Jul/2020:09:10:15 +0000] "GET /css/product.css HTTP/1.1" 304 - "https://localhost:3500/admin/products" "Mozilla/5.0 (Windows NT 10.0; Win64; x64) AppleWebKit/537.36 (KHTML, like Gecko) Chrome/84.0.4147.89 Safari/537.36"
::1 - - [29/Jul/2020:09:10:15 +0000] "GET /images/1595489337792-beyourself.jpeg HTTP/1.1" 304 - "https://localhost:3500/admin/products" "Mozilla/5.0 (Windows NT 10.0; Win64; x64) AppleWebKit/537.36 (KHTML, like Gecko) Chrome/84.0.4147.89 Safari/537.36"
::1 - - [29/Jul/2020:09:10:15 +0000] "GET /js/admin.js HTTP/1.1" 200 671 "https://localhost:3500/admin/products" "Mozilla/5.0 (Windows NT 10.0; Win64; x64) AppleWebKit/537.36 (KHTML, like Gecko) Chrome/84.0.4147.89 Safari/537.36"
::1 - - [29/Jul/2020:09:10:15 +0000] "GET /images/1595489707094-beyourself.jpeg HTTP/1.1" 304 - "https://localhost:3500/admin/products" "Mozilla/5.0 (Windows NT 10.0; Win64; x64) AppleWebKit/537.36 (KHTML, like Gecko) Chrome/84.0.4147.89 Safari/537.36"
::1 - - [29/Jul/2020:09:10:17 +0000] "GET /admin/add-product HTTP/1.1" 200 - "https://localhost:3500/admin/products" "Mozilla/5.0 (Windows NT 10.0; Win64; x64) AppleWebKit/537.36 (KHTML, like Gecko) Chrome/84.0.4147.89 Safari/537.36"
::1 - - [29/Jul/2020:09:10:17 +0000] "GET /css/main.css HTTP/1.1" 304 - "https://localhost:3500/admin/add-product" "Mozilla/5.0 (Windows NT 10.0; Win64; x64) AppleWebKit/537.36 (KHTML, like Gecko) Chrome/84.0.4147.89 Safari/537.36"
::1 - - [29/Jul/2020:09:10:17 +0000] "GET /css/product.css HTTP/1.1" 304 - "https://localhost:3500/admin/add-product" "Mozilla/5.0 (Windows NT 10.0; Win64; x64) AppleWebKit/537.36 (KHTML, like Gecko) Chrome/84.0.4147.89 Safari/537.36"
::1 - - [29/Jul/2020:09:10:17 +0000] "GET /css/forms.css HTTP/1.1" 200 402 "https://localhost:3500/admin/add-product" "Mozilla/5.0 (Windows NT 10.0; Win64; x64) AppleWebKit/537.36 (KHTML, like Gecko) Chrome/84.0.4147.89 Safari/537.36"
::1 - - [29/Jul/2020:09:10:18 +0000] "GET /js/main.js HTTP/1.1" 304 - "https://localhost:3500/admin/add-product" "Mozilla/5.0 (Windows NT 10.0; Win64; x64) AppleWebKit/537.36 (KHTML, like Gecko) Chrome/84.0.4147.89 Safari/537.36"
::1 - - [29/Jul/2020:09:10:20 +0000] "GET /cart HTTP/1.1" 200 - "https://localhost:3500/admin/add-product" "Mozilla/5.0 (Windows NT 10.0; Win64; x64) AppleWebKit/537.36 (KHTML, like Gecko) Chrome/84.0.4147.89 Safari/537.36"
::1 - - [29/Jul/2020:09:10:20 +0000] "GET /css/main.css HTTP/1.1" 304 - "https://localhost:3500/cart" "Mozilla/5.0 (Windows NT 10.0; Win64; x64) AppleWebKit/537.36 (KHTML, like Gecko) Chrome/84.0.4147.89 Safari/537.36"
::1 - - [29/Jul/2020:09:10:20 +0000] "GET /js/main.js HTTP/1.1" 304 - "https://localhost:3500/cart" "Mozilla/5.0 (Windows NT 10.0; Win64; x64) AppleWebKit/537.36 (KHTML, like Gecko) Chrome/84.0.4147.89 Safari/537.36"
::1 - - [29/Jul/2020:09:10:20 +0000] "GET /css/cart.css HTTP/1.1" 200 428 "https://localhost:3500/cart" "Mozilla/5.0 (Windows NT 10.0; Win64; x64) AppleWebKit/537.36 (KHTML, like Gecko) Chrome/84.0.4147.89 Safari/537.36"
::1 - - [29/Jul/2020:09:10:23 +0000] "GET /orders HTTP/1.1" 200 - "https://localhost:3500/cart" "Mozilla/5.0 (Windows NT 10.0; Win64; x64) AppleWebKit/537.36 (KHTML, like Gecko) Chrome/84.0.4147.89 Safari/537.36"
::1 - - [29/Jul/2020:09:10:23 +0000] "GET /css/main.css HTTP/1.1" 304 - "https://localhost:3500/orders" "Mozilla/5.0 (Windows NT 10.0; Win64; x64) AppleWebKit/537.36 (KHTML, like Gecko) Chrome/84.0.4147.89 Safari/537.36"
::1 - - [29/Jul/2020:09:10:23 +0000] "GET /css/orders.css HTTP/1.1" 200 506 "https://localhost:3500/orders" "Mozilla/5.0 (Windows NT 10.0; Win64; x64) AppleWebKit/537.36 (KHTML, like Gecko) Chrome/84.0.4147.89 Safari/537.36"
::1 - - [29/Jul/2020:09:10:23 +0000] "GET /js/main.js HTTP/1.1" 304 - "https://localhost:3500/orders" "Mozilla/5.0 (Windows NT 10.0; Win64; x64) AppleWebKit/537.36 (KHTML, like Gecko) Chrome/84.0.4147.89 Safari/537.36"
